# JRE version: OpenJDK Runtime Environment Temurin-17.0.7+7 (17.0.7+7) (build 17.0.7+7)
# Java VM: OpenJDK 64-Bit Server VM Temurin-17.0.7+7 (17.0.7+7, mixed mode, sharing, tiered, compressed oops, compressed class ptrs, g1 gc, windows-amd64)
GC Precious Log:
 CPUs: 8 total, 8 available
 Memory: 16110M
 Large Page Support: Disabled
 NUMA Support: Disabled
 Compressed Oops: Enabled (Zero based)
 Heap Region Size: 2M
 Heap Min Capacity: 512M
 Heap Initial Capacity: 512M
 Heap Max Capacity: 4072M
 Pre-touch: Disabled
 Parallel Workers: 8
 Concurrent Workers: 2
 Concurrent Refinement Workers: 8
 Periodic GC: Disabled
 String Deduplication is enabled
Heap:
 garbage-first heap   total 524288K, used 128938K [0x0000000701800000, 0x0000000800000000)
  region size 2048K, 22 young (45056K), 1 survivors (2048K)
 Metaspace       used 85380K, committed 86016K, reserved 1179648K
  class space    used 11656K, committed 11968K, reserved 1048576K
GC Heap History (20 events):
Event: 3430.192 GC heap before
{Heap before GC invocations=161 (full 76):
 garbage-first heap   total 524288K, used 168340K [0x0000000701800000, 0x0000000800000000)
  region size 2048K, 40 young (81920K), 1 survivors (2048K)
 Metaspace       used 85261K, committed 85952K, reserved 1179648K
  class space    used 11656K, committed 11968K, reserved 1048576K
}
Event: 3430.197 GC heap after
{Heap after GC invocations=162 (full 76):
 garbage-first heap   total 524288K, used 88396K [0x0000000701800000, 0x0000000800000000)
  region size 2048K, 1 young (2048K), 1 survivors (2048K)
 Metaspace       used 85261K, committed 85952K, reserved 1179648K
  class space    used 11656K, committed 11968K, reserved 1048576K
}
Event: 3446.620 GC heap before
{Heap before GC invocations=162 (full 76):
 garbage-first heap   total 524288K, used 168268K [0x0000000701800000, 0x0000000800000000)
  region size 2048K, 40 young (81920K), 1 survivors (2048K)
 Metaspace       used 85270K, committed 85952K, reserved 1179648K
  class space    used 11656K, committed 11968K, reserved 1048576K
}
Event: 3446.624 GC heap after
{Heap after GC invocations=163 (full 76):
 garbage-first heap   total 524288K, used 88623K [0x0000000701800000, 0x0000000800000000)
  region size 2048K, 1 young (2048K), 1 survivors (2048K)
 Metaspace       used 85270K, committed 85952K, reserved 1179648K
  class space    used 11656K, committed 11968K, reserved 1048576K
}
Event: 3457.371 GC heap before
{Heap before GC invocations=163 (full 76):
 garbage-first heap   total 524288K, used 168495K [0x0000000701800000, 0x0000000800000000)
  region size 2048K, 40 young (81920K), 1 survivors (2048K)
 Metaspace       used 85276K, committed 85952K, reserved 1179648K
  class space    used 11656K, committed 11968K, reserved 1048576K
}
Event: 3457.375 GC heap after
{Heap after GC invocations=164 (full 76):
 garbage-first heap   total 524288K, used 88508K [0x0000000701800000, 0x0000000800000000)
  region size 2048K, 1 young (2048K), 1 survivors (2048K)
 Metaspace       used 85276K, committed 85952K, reserved 1179648K
  class space    used 11656K, committed 11968K, reserved 1048576K
}
Event: 3476.308 GC heap before
{Heap before GC invocations=164 (full 76):
 garbage-first heap   total 524288K, used 141756K [0x0000000701800000, 0x0000000800000000)
  region size 2048K, 28 young (57344K), 1 survivors (2048K)
 Metaspace       used 85276K, committed 85952K, reserved 1179648K
  class space    used 11656K, committed 11968K, reserved 1048576K
}
Event: 3476.430 GC heap after
{Heap after GC invocations=165 (full 77):
 garbage-first heap   total 524288K, used 87323K [0x0000000701800000, 0x0000000800000000)
  region size 2048K, 0 young (0K), 0 survivors (0K)
 Metaspace       used 85276K, committed 85952K, reserved 1179648K
  class space    used 11656K, committed 11968K, reserved 1048576K
}
Event: 3506.364 GC heap before
{Heap before GC invocations=165 (full 77):
 garbage-first heap   total 524288K, used 113947K [0x0000000701800000, 0x0000000800000000)
  region size 2048K, 14 young (28672K), 0 survivors (0K)
 Metaspace       used 85276K, committed 85952K, reserved 1179648K
  class space    used 11656K, committed 11968K, reserved 1048576K
}
Event: 3506.467 GC heap after
{Heap after GC invocations=166 (full 78):
 garbage-first heap   total 524288K, used 87247K [0x0000000701800000, 0x0000000800000000)
  region size 2048K, 0 young (0K), 0 survivors (0K)
 Metaspace       used 85276K, committed 85952K, reserved 1179648K
  class space    used 11656K, committed 11968K, reserved 1048576K
}
Event: 3536.455 GC heap before
{Heap before GC invocations=166 (full 78):
 garbage-first heap   total 524288K, used 113871K [0x0000000701800000, 0x0000000800000000)
  region size 2048K, 14 young (28672K), 0 survivors (0K)
 Metaspace       used 85276K, committed 85952K, reserved 1179648K
  class space    used 11656K, committed 11968K, reserved 1048576K
}
Event: 3536.573 GC heap after
{Heap after GC invocations=167 (full 79):
 garbage-first heap   total 524288K, used 87247K [0x0000000701800000, 0x0000000800000000)
  region size 2048K, 0 young (0K), 0 survivors (0K)
 Metaspace       used 85276K, committed 85952K, reserved 1179648K
  class space    used 11656K, committed 11968K, reserved 1048576K
}
Event: 3584.355 GC heap before
{Heap before GC invocations=167 (full 79):
 garbage-first heap   total 524288K, used 169167K [0x0000000701800000, 0x0000000800000000)
  region size 2048K, 40 young (81920K), 0 survivors (0K)
 Metaspace       used 85335K, committed 86016K, reserved 1179648K
  class space    used 11656K, committed 11968K, reserved 1048576K
}
Event: 3584.359 GC heap after
{Heap after GC invocations=168 (full 79):
 garbage-first heap   total 524288K, used 87817K [0x0000000701800000, 0x0000000800000000)
  region size 2048K, 1 young (2048K), 1 survivors (2048K)
 Metaspace       used 85335K, committed 86016K, reserved 1179648K
  class space    used 11656K, committed 11968K, reserved 1048576K
}
Event: 3614.088 GC heap before
{Heap before GC invocations=168 (full 79):
 garbage-first heap   total 524288K, used 167689K [0x0000000701800000, 0x0000000800000000)
  region size 2048K, 40 young (81920K), 1 survivors (2048K)
 Metaspace       used 85340K, committed 86016K, reserved 1179648K
  class space    used 11656K, committed 11968K, reserved 1048576K
}
Event: 3614.092 GC heap after
{Heap after GC invocations=169 (full 79):
 garbage-first heap   total 524288K, used 87900K [0x0000000701800000, 0x0000000800000000)
  region size 2048K, 1 young (2048K), 1 survivors (2048K)
 Metaspace       used 85340K, committed 86016K, reserved 1179648K
  class space    used 11656K, committed 11968K, reserved 1048576K
}
Event: 3655.525 GC heap before
{Heap before GC invocations=169 (full 79):
 garbage-first heap   total 524288K, used 167772K [0x0000000701800000, 0x0000000800000000)
  region size 2048K, 40 young (81920K), 1 survivors (2048K)
 Metaspace       used 85372K, committed 86016K, reserved 1179648K
  class space    used 11656K, committed 11968K, reserved 1048576K
}
Event: 3655.531 GC heap after
{Heap after GC invocations=170 (full 79):
 garbage-first heap   total 524288K, used 88656K [0x0000000701800000, 0x0000000800000000)
  region size 2048K, 1 young (2048K), 1 survivors (2048K)
 Metaspace       used 85372K, committed 86016K, reserved 1179648K
  class space    used 11656K, committed 11968K, reserved 1048576K
}
Event: 3659.778 GC heap before
{Heap before GC invocations=170 (full 79):
 garbage-first heap   total 524288K, used 168528K [0x0000000701800000, 0x0000000800000000)
  region size 2048K, 40 young (81920K), 1 survivors (2048K)
 Metaspace       used 85372K, committed 86016K, reserved 1179648K
  class space    used 11656K, committed 11968K, reserved 1048576K
}
Event: 3659.781 GC heap after
{Heap after GC invocations=171 (full 79):
 garbage-first heap   total 524288K, used 87978K [0x0000000701800000, 0x0000000800000000)
  region size 2048K, 1 young (2048K), 1 survivors (2048K)
 Metaspace       used 85372K, committed 86016K, reserved 1179648K
  class space    used 11656K, committed 11968K, reserved 1048576K
}

